[2022-12-14 07:33:12] local.ERROR: No application encryption key has been specified. {"exception":"[object] (Illuminate\\Encryption\\MissingAppKeyException(code: 0): No application encryption key has been specified. at E:\\DATA\\KEMENKUMHAM\\YANKUM APPS\\MASTER\\20220923 e-garkum-sasambo.com\\vendor\\laravel\\framework\\src\\Illuminate\\Encryption\\EncryptionServiceProvider.php:101)
[stacktrace]
#0 E:\\DATA\\KEMENKUMHAM\\YANKUM APPS\\MASTER\\20220923 e-garkum-sasambo.com\\vendor\\laravel\\framework\\src\\Illuminate\\Support\\helpers.php(263): Illuminate\\Encryption\\EncryptionServiceProvider->Illuminate\\Encryption\\{closure}('')
#1 E:\\DATA\\KEMENKUMHAM\\YANKUM APPS\\MASTER\\20220923 e-garkum-sasambo.com\\vendor\\laravel\\framework\\src\\Illuminate\\Encryption\\EncryptionServiceProvider.php(103): tap('', Object(Closure))
#2 E:\\DATA\\KEMENKUMHAM\\YANKUM APPS\\MASTER\\20220923 e-garkum-sasambo.com\\vendor\\laravel\\framework\\src\\Illuminate\\Encryption\\EncryptionServiceProvider.php(82): Illuminate\\Encryption\\EncryptionServiceProvider->key(Array)
#3 E:\\DATA\\KEMENKUMHAM\\YANKUM APPS\\MASTER\\20220923 e-garkum-sasambo.com\\vendor\\laravel\\framework\\src\\Illuminate\\Encryption\\EncryptionServiceProvider.php(34): Illuminate\\Encryption\\EncryptionServiceProvider->parseKey(Array)
#4 E:\\DATA\\KEMENKUMHAM\\YANKUM APPS\\MASTER\\20220923 e-garkum-sasambo.com\\vendor\\laravel\\framework\\src\\Illuminate\\Container\\Container.php(873): Illuminate\\Encryption\\EncryptionServiceProvider->Illuminate\\Encryption\\{closure}(Object(Illuminate\\Foundation\\Application), Array)
#5 E:\\DATA\\KEMENKUMHAM\\YANKUM APPS\\MASTER\\20220923 e-garkum-sasambo.com\\vendor\\laravel\\framework\\src\\Illuminate\\Container\\Container.php(758): Illuminate\\Container\\Container->build(Object(Closure))
#6 E:\\DATA\\KEMENKUMHAM\\YANKUM APPS\\MASTER\\20220923 e-garkum-sasambo.com\\vendor\\laravel\\framework\\src\\Illuminate\\Foundation\\Application.php(851): Illuminate\\Container\\Container->resolve('encrypter', Array, true)
#7 E:\\DATA\\KEMENKUMHAM\\YANKUM APPS\\MASTER\\20220923 e-garkum-sasambo.com\\vendor\\laravel\\framework\\src\\Illuminate\\Container\\Container.php(694): Illuminate\\Foundation\\Application->resolve('encrypter', Array)
#8 E:\\DATA\\KEMENKUMHAM\\YANKUM APPS\\MASTER\\20220923 e-garkum-sasambo.com\\vendor\\laravel\\framework\\src\\Illuminate\\Foundation\\Application.php(836): Illuminate\\Container\\Container->make('encrypter', Array)
#9 E:\\DATA\\KEMENKUMHAM\\YANKUM APPS\\MASTER\\20220923 e-garkum-sasambo.com\\vendor\\laravel\\framework\\src\\Illuminate\\Container\\Container.php(1027): Illuminate\\Foundation\\Application->make('encrypter')
#10 E:\\DATA\\KEMENKUMHAM\\YANKUM APPS\\MASTER\\20220923 e-garkum-sasambo.com\\vendor\\laravel\\framework\\src\\Illuminate\\Container\\Container.php(947): Illuminate\\Container\\Container->resolveClass(Object(ReflectionParameter))
#11 E:\\DATA\\KEMENKUMHAM\\YANKUM APPS\\MASTER\\20220923 e-garkum-sasambo.com\\vendor\\laravel\\framework\\src\\Illuminate\\Container\\Container.php(908): Illuminate\\Container\\Container->resolveDependencies(Array)
#12 E:\\DATA\\KEMENKUMHAM\\YANKUM APPS\\MASTER\\20220923 e-garkum-sasambo.com\\vendor\\laravel\\framework\\src\\Illuminate\\Container\\Container.php(758): Illuminate\\Container\\Container->build('App\\\\Http\\\\Middle...')
#13 E:\\DATA\\KEMENKUMHAM\\YANKUM APPS\\MASTER\\20220923 e-garkum-sasambo.com\\vendor\\laravel\\framework\\src\\Illuminate\\Foundation\\Application.php(851): Illuminate\\Container\\Container->resolve('App\\\\Http\\\\Middle...', Array, true)
#14 E:\\DATA\\KEMENKUMHAM\\YANKUM APPS\\MASTER\\20220923 e-garkum-sasambo.com\\vendor\\laravel\\framework\\src\\Illuminate\\Container\\Container.php(694): Illuminate\\Foundation\\Application->resolve('App\\\\Http\\\\Middle...', Array)
#15 E:\\DATA\\KEMENKUMHAM\\YANKUM APPS\\MASTER\\20220923 e-garkum-sasambo.com\\vendor\\laravel\\framework\\src\\Illuminate\\Foundation\\Application.php(836): Illuminate\\Container\\Container->make('App\\\\Http\\\\Middle...', Array)
#16 E:\\DATA\\KEMENKUMHAM\\YANKUM APPS\\MASTER\\20220923 e-garkum-sasambo.com\\vendor\\laravel\\framework\\src\\Illuminate\\Pipeline\\Pipeline.php(156): Illuminate\\Foundation\\Application->make('App\\\\Http\\\\Middle...')
#17 E:\\DATA\\KEMENKUMHAM\\YANKUM APPS\\MASTER\\20220923 e-garkum-sasambo.com\\vendor\\laravel\\framework\\src\\Illuminate\\Pipeline\\Pipeline.php(103): Illuminate\\Pipeline\\Pipeline->Illuminate\\Pipeline\\{closure}(Object(Illuminate\\Http\\Request))
#18 E:\\DATA\\KEMENKUMHAM\\YANKUM APPS\\MASTER\\20220923 e-garkum-sasambo.com\\vendor\\laravel\\framework\\src\\Illuminate\\Routing\\Router.php(723): Illuminate\\Pipeline\\Pipeline->then(Object(Closure))
#19 E:\\DATA\\KEMENKUMHAM\\YANKUM APPS\\MASTER\\20220923 e-garkum-sasambo.com\\vendor\\laravel\\framework\\src\\Illuminate\\Routing\\Router.php(698): Illuminate\\Routing\\Router->runRouteWithinStack(Object(Illuminate\\Routing\\Route), Object(Illuminate\\Http\\Request))
#20 E:\\DATA\\KEMENKUMHAM\\YANKUM APPS\\MASTER\\20220923 e-garkum-sasambo.com\\vendor\\laravel\\framework\\src\\Illuminate\\Routing\\Router.php(662): Illuminate\\Routing\\Router->runRoute(Object(Illuminate\\Http\\Request), Object(Illuminate\\Routing\\Route))
#21 E:\\DATA\\KEMENKUMHAM\\YANKUM APPS\\MASTER\\20220923 e-garkum-sasambo.com\\vendor\\laravel\\framework\\src\\Illuminate\\Routing\\Router.php(651): Illuminate\\Routing\\Router->dispatchToRoute(Object(Illuminate\\Http\\Request))
#22 E:\\DATA\\KEMENKUMHAM\\YANKUM APPS\\MASTER\\20220923 e-garkum-sasambo.com\\vendor\\laravel\\framework\\src\\Illuminate\\Foundation\\Http\\Kernel.php(167): Illuminate\\Routing\\Router->dispatch(Object(Illuminate\\Http\\Request))
#23 E:\\DATA\\KEMENKUMHAM\\YANKUM APPS\\MASTER\\20220923 e-garkum-sasambo.com\\vendor\\laravel\\framework\\src\\Illuminate\\Pipeline\\Pipeline.php(128): Illuminate\\Foundation\\Http\\Kernel->Illuminate\\Foundation\\Http\\{closure}(Object(Illuminate\\Http\\Request))
#24 E:\\DATA\\KEMENKUMHAM\\YANKUM APPS\\MASTER\\20220923 e-garkum-sasambo.com\\vendor\\laravel\\framework\\src\\Illuminate\\Foundation\\Http\\Middleware\\TransformsRequest.php(21): Illuminate\\Pipeline\\Pipeline->Illuminate\\Pipeline\\{closure}(Object(Illuminate\\Http\\Request))
#25 E:\\DATA\\KEMENKUMHAM\\YANKUM APPS\\MASTER\\20220923 e-garkum-sasambo.com\\vendor\\laravel\\framework\\src\\Illuminate\\Foundation\\Http\\Middleware\\ConvertEmptyStringsToNull.php(31): Illuminate\\Foundation\\Http\\Middleware\\TransformsRequest->handle(Object(Illuminate\\Http\\Request), Object(Closure))
#26 E:\\DATA\\KEMENKUMHAM\\YANKUM APPS\\MASTER\\20220923 e-garkum-sasambo.com\\vendor\\laravel\\framework\\src\\Illuminate\\Pipeline\\Pipeline.php(167): Illuminate\\Foundation\\Http\\Middleware\\ConvertEmptyStringsToNull->handle(Object(Illuminate\\Http\\Request), Object(Closure))
#27 E:\\DATA\\KEMENKUMHAM\\YANKUM APPS\\MASTER\\20220923 e-garkum-sasambo.com\\vendor\\laravel\\framework\\src\\Illuminate\\Foundation\\Http\\Middleware\\TransformsRequest.php(21): Illuminate\\Pipeline\\Pipeline->Illuminate\\Pipeline\\{closure}(Object(Illuminate\\Http\\Request))
#28 E:\\DATA\\KEMENKUMHAM\\YANKUM APPS\\MASTER\\20220923 e-garkum-sasambo.com\\vendor\\laravel\\framework\\src\\Illuminate\\Foundation\\Http\\Middleware\\TrimStrings.php(40): Illuminate\\Foundation\\Http\\Middleware\\TransformsRequest->handle(Object(Illuminate\\Http\\Request), Object(Closure))
#29 E:\\DATA\\KEMENKUMHAM\\YANKUM APPS\\MASTER\\20220923 e-garkum-sasambo.com\\vendor\\laravel\\framework\\src\\Illuminate\\Pipeline\\Pipeline.php(167): Illuminate\\Foundation\\Http\\Middleware\\TrimStrings->handle(Object(Illuminate\\Http\\Request), Object(Closure))
#30 E:\\DATA\\KEMENKUMHAM\\YANKUM APPS\\MASTER\\20220923 e-garkum-sasambo.com\\vendor\\laravel\\framework\\src\\Illuminate\\Foundation\\Http\\Middleware\\ValidatePostSize.php(27): Illuminate\\Pipeline\\Pipeline->Illuminate\\Pipeline\\{closure}(Object(Illuminate\\Http\\Request))
#31 E:\\DATA\\KEMENKUMHAM\\YANKUM APPS\\MASTER\\20220923 e-garkum-sasambo.com\\vendor\\laravel\\framework\\src\\Illuminate\\Pipeline\\Pipeline.php(167): Illuminate\\Foundation\\Http\\Middleware\\ValidatePostSize->handle(Object(Illuminate\\Http\\Request), Object(Closure))
#32 E:\\DATA\\KEMENKUMHAM\\YANKUM APPS\\MASTER\\20220923 e-garkum-sasambo.com\\vendor\\laravel\\framework\\src\\Illuminate\\Foundation\\Http\\Middleware\\PreventRequestsDuringMaintenance.php(86): Illuminate\\Pipeline\\Pipeline->Illuminate\\Pipeline\\{closure}(Object(Illuminate\\Http\\Request))
#33 E:\\DATA\\KEMENKUMHAM\\YANKUM APPS\\MASTER\\20220923 e-garkum-sasambo.com\\vendor\\laravel\\framework\\src\\Illuminate\\Pipeline\\Pipeline.php(167): Illuminate\\Foundation\\Http\\Middleware\\PreventRequestsDuringMaintenance->handle(Object(Illuminate\\Http\\Request), Object(Closure))
#34 E:\\DATA\\KEMENKUMHAM\\YANKUM APPS\\MASTER\\20220923 e-garkum-sasambo.com\\vendor\\fruitcake\\laravel-cors\\src\\HandleCors.php(38): Illuminate\\Pipeline\\Pipeline->Illuminate\\Pipeline\\{closure}(Object(Illuminate\\Http\\Request))
#35 E:\\DATA\\KEMENKUMHAM\\YANKUM APPS\\MASTER\\20220923 e-garkum-sasambo.com\\vendor\\laravel\\framework\\src\\Illuminate\\Pipeline\\Pipeline.php(167): Fruitcake\\Cors\\HandleCors->handle(Object(Illuminate\\Http\\Request), Object(Closure))
#36 E:\\DATA\\KEMENKUMHAM\\YANKUM APPS\\MASTER\\20220923 e-garkum-sasambo.com\\vendor\\laravel\\framework\\src\\Illuminate\\Http\\Middleware\\TrustProxies.php(39): Illuminate\\Pipeline\\Pipeline->Illuminate\\Pipeline\\{closure}(Object(Illuminate\\Http\\Request))
#37 E:\\DATA\\KEMENKUMHAM\\YANKUM APPS\\MASTER\\20220923 e-garkum-sasambo.com\\vendor\\laravel\\framework\\src\\Illuminate\\Pipeline\\Pipeline.php(167): Illuminate\\Http\\Middleware\\TrustProxies->handle(Object(Illuminate\\Http\\Request), Object(Closure))
#38 E:\\DATA\\KEMENKUMHAM\\YANKUM APPS\\MASTER\\20220923 e-garkum-sasambo.com\\vendor\\laravel\\framework\\src\\Illuminate\\Pipeline\\Pipeline.php(103): Illuminate\\Pipeline\\Pipeline->Illuminate\\Pipeline\\{closure}(Object(Illuminate\\Http\\Request))
#39 E:\\DATA\\KEMENKUMHAM\\YANKUM APPS\\MASTER\\20220923 e-garkum-sasambo.com\\vendor\\laravel\\framework\\src\\Illuminate\\Foundation\\Http\\Kernel.php(142): Illuminate\\Pipeline\\Pipeline->then(Object(Closure))
#40 E:\\DATA\\KEMENKUMHAM\\YANKUM APPS\\MASTER\\20220923 e-garkum-sasambo.com\\vendor\\laravel\\framework\\src\\Illuminate\\Foundation\\Http\\Kernel.php(111): Illuminate\\Foundation\\Http\\Kernel->sendRequestThroughRouter(Object(Illuminate\\Http\\Request))
#41 E:\\DATA\\KEMENKUMHAM\\YANKUM APPS\\MASTER\\20220923 e-garkum-sasambo.com\\public\\index.php(52): Illuminate\\Foundation\\Http\\Kernel->handle(Object(Illuminate\\Http\\Request))
#42 E:\\DATA\\KEMENKUMHAM\\YANKUM APPS\\MASTER\\20220923 e-garkum-sasambo.com\\server.php(21): require_once('E:\\\\DATA\\\\KEMENKU...')
#43 {main}
"} 
[2022-12-14 07:33:12] local.ERROR: No application encryption key has been specified. {"exception":"[object] (Illuminate\\Encryption\\MissingAppKeyException(code: 0): No application encryption key has been specified. at E:\\DATA\\KEMENKUMHAM\\YANKUM APPS\\MASTER\\20220923 e-garkum-sasambo.com\\vendor\\laravel\\framework\\src\\Illuminate\\Encryption\\EncryptionServiceProvider.php:101)
[stacktrace]
#0 E:\\DATA\\KEMENKUMHAM\\YANKUM APPS\\MASTER\\20220923 e-garkum-sasambo.com\\vendor\\laravel\\framework\\src\\Illuminate\\Support\\helpers.php(263): Illuminate\\Encryption\\EncryptionServiceProvider->Illuminate\\Encryption\\{closure}('')
#1 E:\\DATA\\KEMENKUMHAM\\YANKUM APPS\\MASTER\\20220923 e-garkum-sasambo.com\\vendor\\laravel\\framework\\src\\Illuminate\\Encryption\\EncryptionServiceProvider.php(103): tap('', Object(Closure))
#2 E:\\DATA\\KEMENKUMHAM\\YANKUM APPS\\MASTER\\20220923 e-garkum-sasambo.com\\vendor\\laravel\\framework\\src\\Illuminate\\Encryption\\EncryptionServiceProvider.php(82): Illuminate\\Encryption\\EncryptionServiceProvider->key(Array)
#3 E:\\DATA\\KEMENKUMHAM\\YANKUM APPS\\MASTER\\20220923 e-garkum-sasambo.com\\vendor\\laravel\\framework\\src\\Illuminate\\Encryption\\EncryptionServiceProvider.php(34): Illuminate\\Encryption\\EncryptionServiceProvider->parseKey(Array)
#4 E:\\DATA\\KEMENKUMHAM\\YANKUM APPS\\MASTER\\20220923 e-garkum-sasambo.com\\vendor\\laravel\\framework\\src\\Illuminate\\Container\\Container.php(873): Illuminate\\Encryption\\EncryptionServiceProvider->Illuminate\\Encryption\\{closure}(Object(Illuminate\\Foundation\\Application), Array)
#5 E:\\DATA\\KEMENKUMHAM\\YANKUM APPS\\MASTER\\20220923 e-garkum-sasambo.com\\vendor\\laravel\\framework\\src\\Illuminate\\Container\\Container.php(758): Illuminate\\Container\\Container->build(Object(Closure))
#6 E:\\DATA\\KEMENKUMHAM\\YANKUM APPS\\MASTER\\20220923 e-garkum-sasambo.com\\vendor\\laravel\\framework\\src\\Illuminate\\Foundation\\Application.php(851): Illuminate\\Container\\Container->resolve('encrypter', Array, true)
#7 E:\\DATA\\KEMENKUMHAM\\YANKUM APPS\\MASTER\\20220923 e-garkum-sasambo.com\\vendor\\laravel\\framework\\src\\Illuminate\\Container\\Container.php(694): Illuminate\\Foundation\\Application->resolve('encrypter', Array)
#8 E:\\DATA\\KEMENKUMHAM\\YANKUM APPS\\MASTER\\20220923 e-garkum-sasambo.com\\vendor\\laravel\\framework\\src\\Illuminate\\Foundation\\Application.php(836): Illuminate\\Container\\Container->make('encrypter', Array)
#9 E:\\DATA\\KEMENKUMHAM\\YANKUM APPS\\MASTER\\20220923 e-garkum-sasambo.com\\vendor\\laravel\\framework\\src\\Illuminate\\Container\\Container.php(1027): Illuminate\\Foundation\\Application->make('encrypter')
#10 E:\\DATA\\KEMENKUMHAM\\YANKUM APPS\\MASTER\\20220923 e-garkum-sasambo.com\\vendor\\laravel\\framework\\src\\Illuminate\\Container\\Container.php(947): Illuminate\\Container\\Container->resolveClass(Object(ReflectionParameter))
#11 E:\\DATA\\KEMENKUMHAM\\YANKUM APPS\\MASTER\\20220923 e-garkum-sasambo.com\\vendor\\laravel\\framework\\src\\Illuminate\\Container\\Container.php(908): Illuminate\\Container\\Container->resolveDependencies(Array)
#12 E:\\DATA\\KEMENKUMHAM\\YANKUM APPS\\MASTER\\20220923 e-garkum-sasambo.com\\vendor\\laravel\\framework\\src\\Illuminate\\Container\\Container.php(758): Illuminate\\Container\\Container->build('App\\\\Http\\\\Middle...')
#13 E:\\DATA\\KEMENKUMHAM\\YANKUM APPS\\MASTER\\20220923 e-garkum-sasambo.com\\vendor\\laravel\\framework\\src\\Illuminate\\Foundation\\Application.php(851): Illuminate\\Container\\Container->resolve('App\\\\Http\\\\Middle...', Array, true)
#14 E:\\DATA\\KEMENKUMHAM\\YANKUM APPS\\MASTER\\20220923 e-garkum-sasambo.com\\vendor\\laravel\\framework\\src\\Illuminate\\Container\\Container.php(694): Illuminate\\Foundation\\Application->resolve('App\\\\Http\\\\Middle...', Array)
#15 E:\\DATA\\KEMENKUMHAM\\YANKUM APPS\\MASTER\\20220923 e-garkum-sasambo.com\\vendor\\laravel\\framework\\src\\Illuminate\\Foundation\\Application.php(836): Illuminate\\Container\\Container->make('App\\\\Http\\\\Middle...', Array)
#16 E:\\DATA\\KEMENKUMHAM\\YANKUM APPS\\MASTER\\20220923 e-garkum-sasambo.com\\vendor\\laravel\\framework\\src\\Illuminate\\Foundation\\Http\\Kernel.php(206): Illuminate\\Foundation\\Application->make('App\\\\Http\\\\Middle...')
#17 E:\\DATA\\KEMENKUMHAM\\YANKUM APPS\\MASTER\\20220923 e-garkum-sasambo.com\\vendor\\laravel\\framework\\src\\Illuminate\\Foundation\\Http\\Kernel.php(180): Illuminate\\Foundation\\Http\\Kernel->terminateMiddleware(Object(Illuminate\\Http\\Request), Object(Illuminate\\Http\\Response))
#18 E:\\DATA\\KEMENKUMHAM\\YANKUM APPS\\MASTER\\20220923 e-garkum-sasambo.com\\public\\index.php(55): Illuminate\\Foundation\\Http\\Kernel->terminate(Object(Illuminate\\Http\\Request), Object(Illuminate\\Http\\Response))
#19 E:\\DATA\\KEMENKUMHAM\\YANKUM APPS\\MASTER\\20220923 e-garkum-sasambo.com\\server.php(21): require_once('E:\\\\DATA\\\\KEMENKU...')
#20 {main}
"} 
[2022-12-14 07:33:57] local.ERROR: SQLSTATE[HY000] [1049] Unknown database 'laravel' (SQL: select * from `files`) {"exception":"[object] (Illuminate\\Database\\QueryException(code: 1049): SQLSTATE[HY000] [1049] Unknown database 'laravel' (SQL: select * from `files`) at E:\\DATA\\KEMENKUMHAM\\YANKUM APPS\\MASTER\\20220923 e-garkum-sasambo.com\\vendor\\laravel\\framework\\src\\Illuminate\\Database\\Connection.php:712)
[stacktrace]
#0 E:\\DATA\\KEMENKUMHAM\\YANKUM APPS\\MASTER\\20220923 e-garkum-sasambo.com\\vendor\\laravel\\framework\\src\\Illuminate\\Database\\Connection.php(672): Illuminate\\Database\\Connection->runQueryCallback('select * from `...', Array, Object(Closure))
#1 E:\\DATA\\KEMENKUMHAM\\YANKUM APPS\\MASTER\\20220923 e-garkum-sasambo.com\\vendor\\laravel\\framework\\src\\Illuminate\\Database\\Connection.php(376): Illuminate\\Database\\Connection->run('select * from `...', Array, Object(Closure))
#2 E:\\DATA\\KEMENKUMHAM\\YANKUM APPS\\MASTER\\20220923 e-garkum-sasambo.com\\vendor\\laravel\\framework\\src\\Illuminate\\Database\\Query\\Builder.php(2414): Illuminate\\Database\\Connection->select('select * from `...', Array, true)
#3 E:\\DATA\\KEMENKUMHAM\\YANKUM APPS\\MASTER\\20220923 e-garkum-sasambo.com\\vendor\\laravel\\framework\\src\\Illuminate\\Database\\Query\\Builder.php(2402): Illuminate\\Database\\Query\\Builder->runSelect()
#4 E:\\DATA\\KEMENKUMHAM\\YANKUM APPS\\MASTER\\20220923 e-garkum-sasambo.com\\vendor\\laravel\\framework\\src\\Illuminate\\Database\\Query\\Builder.php(2936): Illuminate\\Database\\Query\\Builder->Illuminate\\Database\\Query\\{closure}()
#5 E:\\DATA\\KEMENKUMHAM\\YANKUM APPS\\MASTER\\20220923 e-garkum-sasambo.com\\vendor\\laravel\\framework\\src\\Illuminate\\Database\\Query\\Builder.php(2403): Illuminate\\Database\\Query\\Builder->onceWithColumns(Array, Object(Closure))
#6 E:\\DATA\\KEMENKUMHAM\\YANKUM APPS\\MASTER\\20220923 e-garkum-sasambo.com\\vendor\\laravel\\framework\\src\\Illuminate\\Database\\Eloquent\\Builder.php(625): Illuminate\\Database\\Query\\Builder->get(Array)
#7 E:\\DATA\\KEMENKUMHAM\\YANKUM APPS\\MASTER\\20220923 e-garkum-sasambo.com\\vendor\\laravel\\framework\\src\\Illuminate\\Database\\Eloquent\\Builder.php(609): Illuminate\\Database\\Eloquent\\Builder->getModels(Array)
#8 E:\\DATA\\KEMENKUMHAM\\YANKUM APPS\\MASTER\\20220923 e-garkum-sasambo.com\\vendor\\laravel\\framework\\src\\Illuminate\\Support\\Traits\\ForwardsCalls.php(23): Illuminate\\Database\\Eloquent\\Builder->get()
#9 E:\\DATA\\KEMENKUMHAM\\YANKUM APPS\\MASTER\\20220923 e-garkum-sasambo.com\\vendor\\laravel\\framework\\src\\Illuminate\\Database\\Eloquent\\Model.php(2132): Illuminate\\Database\\Eloquent\\Model->forwardCallTo(Object(Illuminate\\Database\\Eloquent\\Builder), 'get', Array)
#10 E:\\DATA\\KEMENKUMHAM\\YANKUM APPS\\MASTER\\20220923 e-garkum-sasambo.com\\vendor\\laravel\\framework\\src\\Illuminate\\Database\\Eloquent\\Model.php(2144): Illuminate\\Database\\Eloquent\\Model->__call('get', Array)
#11 E:\\DATA\\KEMENKUMHAM\\YANKUM APPS\\MASTER\\20220923 e-garkum-sasambo.com\\app\\Http\\Controllers\\HomeController.php(51): Illuminate\\Database\\Eloquent\\Model::__callStatic('get', Array)
#12 E:\\DATA\\KEMENKUMHAM\\YANKUM APPS\\MASTER\\20220923 e-garkum-sasambo.com\\vendor\\laravel\\framework\\src\\Illuminate\\Routing\\Controller.php(54): App\\Http\\Controllers\\HomeController::index()
#13 E:\\DATA\\KEMENKUMHAM\\YANKUM APPS\\MASTER\\20220923 e-garkum-sasambo.com\\vendor\\laravel\\framework\\src\\Illuminate\\Routing\\ControllerDispatcher.php(45): Illuminate\\Routing\\Controller->callAction('index', Array)
#14 E:\\DATA\\KEMENKUMHAM\\YANKUM APPS\\MASTER\\20220923 e-garkum-sasambo.com\\vendor\\laravel\\framework\\src\\Illuminate\\Routing\\Route.php(262): Illuminate\\Routing\\ControllerDispatcher->dispatch(Object(Illuminate\\Routing\\Route), Object(App\\Http\\Controllers\\HomeController), 'index')
#15 E:\\DATA\\KEMENKUMHAM\\YANKUM APPS\\MASTER\\20220923 e-garkum-sasambo.com\\vendor\\laravel\\framework\\src\\Illuminate\\Routing\\Route.php(205): Illuminate\\Routing\\Route->runController()
#16 E:\\DATA\\KEMENKUMHAM\\YANKUM APPS\\MASTER\\20220923 e-garkum-sasambo.com\\vendor\\laravel\\framework\\src\\Illuminate\\Routing\\Router.php(721): Illuminate\\Routing\\Route->run()
#17 E:\\DATA\\KEMENKUMHAM\\YANKUM APPS\\MASTER\\20220923 e-garkum-sasambo.com\\vendor\\laravel\\framework\\src\\Illuminate\\Pipeline\\Pipeline.php(128): Illuminate\\Routing\\Router->Illuminate\\Routing\\{closure}(Object(Illuminate\\Http\\Request))
#18 E:\\DATA\\KEMENKUMHAM\\YANKUM APPS\\MASTER\\20220923 e-garkum-sasambo.com\\vendor\\laravel\\framework\\src\\Illuminate\\Routing\\Middleware\\SubstituteBindings.php(50): Illuminate\\Pipeline\\Pipeline->Illuminate\\Pipeline\\{closure}(Object(Illuminate\\Http\\Request))
#19 E:\\DATA\\KEMENKUMHAM\\YANKUM APPS\\MASTER\\20220923 e-garkum-sasambo.com\\vendor\\laravel\\framework\\src\\Illuminate\\Pipeline\\Pipeline.php(167): Illuminate\\Routing\\Middleware\\SubstituteBindings->handle(Object(Illuminate\\Http\\Request), Object(Closure))
#20 E:\\DATA\\KEMENKUMHAM\\YANKUM APPS\\MASTER\\20220923 e-garkum-sasambo.com\\vendor\\laravel\\framework\\src\\Illuminate\\Foundation\\Http\\Middleware\\VerifyCsrfToken.php(78): Illuminate\\Pipeline\\Pipeline->Illuminate\\Pipeline\\{closure}(Object(Illuminate\\Http\\Request))
#21 E:\\DATA\\KEMENKUMHAM\\YANKUM APPS\\MASTER\\20220923 e-garkum-sasambo.com\\vendor\\laravel\\framework\\src\\Illuminate\\Pipeline\\Pipeline.php(167): Illuminate\\Foundation\\Http\\Middleware\\VerifyCsrfToken->handle(Object(Illuminate\\Http\\Request), Object(Closure))
#22 E:\\DATA\\KEMENKUMHAM\\YANKUM APPS\\MASTER\\20220923 e-garkum-sasambo.com\\vendor\\laravel\\framework\\src\\Illuminate\\View\\Middleware\\ShareErrorsFromSession.php(49): Illuminate\\Pipeline\\Pipeline->Illuminate\\Pipeline\\{closure}(Object(Illuminate\\Http\\Request))
#23 E:\\DATA\\KEMENKUMHAM\\YANKUM APPS\\MASTER\\20220923 e-garkum-sasambo.com\\vendor\\laravel\\framework\\src\\Illuminate\\Pipeline\\Pipeline.php(167): Illuminate\\View\\Middleware\\ShareErrorsFromSession->handle(Object(Illuminate\\Http\\Request), Object(Closure))
#24 E:\\DATA\\KEMENKUMHAM\\YANKUM APPS\\MASTER\\20220923 e-garkum-sasambo.com\\vendor\\laravel\\framework\\src\\Illuminate\\Session\\Middleware\\StartSession.php(121): Illuminate\\Pipeline\\Pipeline->Illuminate\\Pipeline\\{closure}(Object(Illuminate\\Http\\Request))
#25 E:\\DATA\\KEMENKUMHAM\\YANKUM APPS\\MASTER\\20220923 e-garkum-sasambo.com\\vendor\\laravel\\framework\\src\\Illuminate\\Session\\Middleware\\StartSession.php(64): Illuminate\\Session\\Middleware\\StartSession->handleStatefulRequest(Object(Illuminate\\Http\\Request), Object(Illuminate\\Session\\Store), Object(Closure))
#26 E:\\DATA\\KEMENKUMHAM\\YANKUM APPS\\MASTER\\20220923 e-garkum-sasambo.com\\vendor\\laravel\\framework\\src\\Illuminate\\Pipeline\\Pipeline.php(167): Illuminate\\Session\\Middleware\\StartSession->handle(Object(Illuminate\\Http\\Request), Object(Closure))
#27 E:\\DATA\\KEMENKUMHAM\\YANKUM APPS\\MASTER\\20220923 e-garkum-sasambo.com\\vendor\\laravel\\framework\\src\\Illuminate\\Cookie\\Middleware\\AddQueuedCookiesToResponse.php(37): Illuminate\\Pipeline\\Pipeline->Illuminate\\Pipeline\\{closure}(Object(Illuminate\\Http\\Request))
#28 E:\\DATA\\KEMENKUMHAM\\YANKUM APPS\\MASTER\\20220923 e-garkum-sasambo.com\\vendor\\laravel\\framework\\src\\Illuminate\\Pipeline\\Pipeline.php(167): Illuminate\\Cookie\\Middleware\\AddQueuedCookiesToResponse->handle(Object(Illuminate\\Http\\Request), Object(Closure))
#29 E:\\DATA\\KEMENKUMHAM\\YANKUM APPS\\MASTER\\20220923 e-garkum-sasambo.com\\vendor\\laravel\\framework\\src\\Illuminate\\Cookie\\Middleware\\EncryptCookies.php(67): Illuminate\\Pipeline\\Pipeline->Illuminate\\Pipeline\\{closure}(Object(Illuminate\\Http\\Request))
#30 E:\\DATA\\KEMENKUMHAM\\YANKUM APPS\\MASTER\\20220923 e-garkum-sasambo.com\\vendor\\laravel\\framework\\src\\Illuminate\\Pipeline\\Pipeline.php(167): Illuminate\\Cookie\\Middleware\\EncryptCookies->handle(Object(Illuminate\\Http\\Request), Object(Closure))
#31 E:\\DATA\\KEMENKUMHAM\\YANKUM APPS\\MASTER\\20220923 e-garkum-sasambo.com\\vendor\\laravel\\framework\\src\\Illuminate\\Pipeline\\Pipeline.php(103): Illuminate\\Pipeline\\Pipeline->Illuminate\\Pipeline\\{closure}(Object(Illuminate\\Http\\Request))
#32 E:\\DATA\\KEMENKUMHAM\\YANKUM APPS\\MASTER\\20220923 e-garkum-sasambo.com\\vendor\\laravel\\framework\\src\\Illuminate\\Routing\\Router.php(723): Illuminate\\Pipeline\\Pipeline->then(Object(Closure))
#33 E:\\DATA\\KEMENKUMHAM\\YANKUM APPS\\MASTER\\20220923 e-garkum-sasambo.com\\vendor\\laravel\\framework\\src\\Illuminate\\Routing\\Router.php(698): Illuminate\\Routing\\Router->runRouteWithinStack(Object(Illuminate\\Routing\\Route), Object(Illuminate\\Http\\Request))
#34 E:\\DATA\\KEMENKUMHAM\\YANKUM APPS\\MASTER\\20220923 e-garkum-sasambo.com\\vendor\\laravel\\framework\\src\\Illuminate\\Routing\\Router.php(662): Illuminate\\Routing\\Router->runRoute(Object(Illuminate\\Http\\Request), Object(Illuminate\\Routing\\Route))
#35 E:\\DATA\\KEMENKUMHAM\\YANKUM APPS\\MASTER\\20220923 e-garkum-sasambo.com\\vendor\\laravel\\framework\\src\\Illuminate\\Routing\\Router.php(651): Illuminate\\Routing\\Router->dispatchToRoute(Object(Illuminate\\Http\\Request))
#36 E:\\DATA\\KEMENKUMHAM\\YANKUM APPS\\MASTER\\20220923 e-garkum-sasambo.com\\vendor\\laravel\\framework\\src\\Illuminate\\Foundation\\Http\\Kernel.php(167): Illuminate\\Routing\\Router->dispatch(Object(Illuminate\\Http\\Request))
#37 E:\\DATA\\KEMENKUMHAM\\YANKUM APPS\\MASTER\\20220923 e-garkum-sasambo.com\\vendor\\laravel\\framework\\src\\Illuminate\\Pipeline\\Pipeline.php(128): Illuminate\\Foundation\\Http\\Kernel->Illuminate\\Foundation\\Http\\{closure}(Object(Illuminate\\Http\\Request))
#38 E:\\DATA\\KEMENKUMHAM\\YANKUM APPS\\MASTER\\20220923 e-garkum-sasambo.com\\vendor\\laravel\\framework\\src\\Illuminate\\Foundation\\Http\\Middleware\\TransformsRequest.php(21): Illuminate\\Pipeline\\Pipeline->Illuminate\\Pipeline\\{closure}(Object(Illuminate\\Http\\Request))
#39 E:\\DATA\\KEMENKUMHAM\\YANKUM APPS\\MASTER\\20220923 e-garkum-sasambo.com\\vendor\\laravel\\framework\\src\\Illuminate\\Foundation\\Http\\Middleware\\ConvertEmptyStringsToNull.php(31): Illuminate\\Foundation\\Http\\Middleware\\TransformsRequest->handle(Object(Illuminate\\Http\\Request), Object(Closure))
#40 E:\\DATA\\KEMENKUMHAM\\YANKUM APPS\\MASTER\\20220923 e-garkum-sasambo.com\\vendor\\laravel\\framework\\src\\Illuminate\\Pipeline\\Pipeline.php(167): Illuminate\\Foundation\\Http\\Middleware\\ConvertEmptyStringsToNull->handle(Object(Illuminate\\Http\\Request), Object(Closure))
#41 E:\\DATA\\KEMENKUMHAM\\YANKUM APPS\\MASTER\\20220923 e-garkum-sasambo.com\\vendor\\laravel\\framework\\src\\Illuminate\\Foundation\\Http\\Middleware\\TransformsRequest.php(21): Illuminate\\Pipeline\\Pipeline->Illuminate\\Pipeline\\{closure}(Object(Illuminate\\Http\\Request))
#42 E:\\DATA\\KEMENKUMHAM\\YANKUM APPS\\MASTER\\20220923 e-garkum-sasambo.com\\vendor\\laravel\\framework\\src\\Illuminate\\Foundation\\Http\\Middleware\\TrimStrings.php(40): Illuminate\\Foundation\\Http\\Middleware\\TransformsRequest->handle(Object(Illuminate\\Http\\Request), Object(Closure))
#43 E:\\DATA\\KEMENKUMHAM\\YANKUM APPS\\MASTER\\20220923 e-garkum-sasambo.com\\vendor\\laravel\\framework\\src\\Illuminate\\Pipeline\\Pipeline.php(167): Illuminate\\Foundation\\Http\\Middleware\\TrimStrings->handle(Object(Illuminate\\Http\\Request), Object(Closure))
#44 E:\\DATA\\KEMENKUMHAM\\YANKUM APPS\\MASTER\\20220923 e-garkum-sasambo.com\\vendor\\laravel\\framework\\src\\Illuminate\\Foundation\\Http\\Middleware\\ValidatePostSize.php(27): Illuminate\\Pipeline\\Pipeline->Illuminate\\Pipeline\\{closure}(Object(Illuminate\\Http\\Request))
#45 E:\\DATA\\KEMENKUMHAM\\YANKUM APPS\\MASTER\\20220923 e-garkum-sasambo.com\\vendor\\laravel\\framework\\src\\Illuminate\\Pipeline\\Pipeline.php(167): Illuminate\\Foundation\\Http\\Middleware\\ValidatePostSize->handle(Object(Illuminate\\Http\\Request), Object(Closure))
#46 E:\\DATA\\KEMENKUMHAM\\YANKUM APPS\\MASTER\\20220923 e-garkum-sasambo.com\\vendor\\laravel\\framework\\src\\Illuminate\\Foundation\\Http\\Middleware\\PreventRequestsDuringMaintenance.php(86): Illuminate\\Pipeline\\Pipeline->Illuminate\\Pipeline\\{closure}(Object(Illuminate\\Http\\Request))
#47 E:\\DATA\\KEMENKUMHAM\\YANKUM APPS\\MASTER\\20220923 e-garkum-sasambo.com\\vendor\\laravel\\framework\\src\\Illuminate\\Pipeline\\Pipeline.php(167): Illuminate\\Foundation\\Http\\Middleware\\PreventRequestsDuringMaintenance->handle(Object(Illuminate\\Http\\Request), Object(Closure))
#48 E:\\DATA\\KEMENKUMHAM\\YANKUM APPS\\MASTER\\20220923 e-garkum-sasambo.com\\vendor\\fruitcake\\laravel-cors\\src\\HandleCors.php(38): Illuminate\\Pipeline\\Pipeline->Illuminate\\Pipeline\\{closure}(Object(Illuminate\\Http\\Request))
#49 E:\\DATA\\KEMENKUMHAM\\YANKUM APPS\\MASTER\\20220923 e-garkum-sasambo.com\\vendor\\laravel\\framework\\src\\Illuminate\\Pipeline\\Pipeline.php(167): Fruitcake\\Cors\\HandleCors->handle(Object(Illuminate\\Http\\Request), Object(Closure))
#50 E:\\DATA\\KEMENKUMHAM\\YANKUM APPS\\MASTER\\20220923 e-garkum-sasambo.com\\vendor\\laravel\\framework\\src\\Illuminate\\Http\\Middleware\\TrustProxies.php(39): Illuminate\\Pipeline\\Pipeline->Illuminate\\Pipeline\\{closure}(Object(Illuminate\\Http\\Request))
#51 E:\\DATA\\KEMENKUMHAM\\YANKUM APPS\\MASTER\\20220923 e-garkum-sasambo.com\\vendor\\laravel\\framework\\src\\Illuminate\\Pipeline\\Pipeline.php(167): Illuminate\\Http\\Middleware\\TrustProxies->handle(Object(Illuminate\\Http\\Request), Object(Closure))
#52 E:\\DATA\\KEMENKUMHAM\\YANKUM APPS\\MASTER\\20220923 e-garkum-sasambo.com\\vendor\\laravel\\framework\\src\\Illuminate\\Pipeline\\Pipeline.php(103): Illuminate\\Pipeline\\Pipeline->Illuminate\\Pipeline\\{closure}(Object(Illuminate\\Http\\Request))
#53 E:\\DATA\\KEMENKUMHAM\\YANKUM APPS\\MASTER\\20220923 e-garkum-sasambo.com\\vendor\\laravel\\framework\\src\\Illuminate\\Foundation\\Http\\Kernel.php(142): Illuminate\\Pipeline\\Pipeline->then(Object(Closure))
#54 E:\\DATA\\KEMENKUMHAM\\YANKUM APPS\\MASTER\\20220923 e-garkum-sasambo.com\\vendor\\laravel\\framework\\src\\Illuminate\\Foundation\\Http\\Kernel.php(111): Illuminate\\Foundation\\Http\\Kernel->sendRequestThroughRouter(Object(Illuminate\\Http\\Request))
#55 E:\\DATA\\KEMENKUMHAM\\YANKUM APPS\\MASTER\\20220923 e-garkum-sasambo.com\\public\\index.php(52): Illuminate\\Foundation\\Http\\Kernel->handle(Object(Illuminate\\Http\\Request))
#56 E:\\DATA\\KEMENKUMHAM\\YANKUM APPS\\MASTER\\20220923 e-garkum-sasambo.com\\server.php(21): require_once('E:\\\\DATA\\\\KEMENKU...')
#57 {main}

[previous exception] [object] (PDOException(code: 1049): SQLSTATE[HY000] [1049] Unknown database 'laravel' at E:\\DATA\\KEMENKUMHAM\\YANKUM APPS\\MASTER\\20220923 e-garkum-sasambo.com\\vendor\\laravel\\framework\\src\\Illuminate\\Database\\Connectors\\Connector.php:70)
[stacktrace]
#0 E:\\DATA\\KEMENKUMHAM\\YANKUM APPS\\MASTER\\20220923 e-garkum-sasambo.com\\vendor\\laravel\\framework\\src\\Illuminate\\Database\\Connectors\\Connector.php(70): PDO->__construct('mysql:host=127....', 'root', '', Array)
#1 E:\\DATA\\KEMENKUMHAM\\YANKUM APPS\\MASTER\\20220923 e-garkum-sasambo.com\\vendor\\laravel\\framework\\src\\Illuminate\\Database\\Connectors\\Connector.php(46): Illuminate\\Database\\Connectors\\Connector->createPdoConnection('mysql:host=127....', 'root', '', Array)
#2 E:\\DATA\\KEMENKUMHAM\\YANKUM APPS\\MASTER\\20220923 e-garkum-sasambo.com\\vendor\\laravel\\framework\\src\\Illuminate\\Database\\Connectors\\MySqlConnector.php(24): Illuminate\\Database\\Connectors\\Connector->createConnection('mysql:host=127....', Array, Array)
#3 E:\\DATA\\KEMENKUMHAM\\YANKUM APPS\\MASTER\\20220923 e-garkum-sasambo.com\\vendor\\laravel\\framework\\src\\Illuminate\\Database\\Connectors\\ConnectionFactory.php(184): Illuminate\\Database\\Connectors\\MySqlConnector->connect(Array)
#4 [internal function]: Illuminate\\Database\\Connectors\\ConnectionFactory->Illuminate\\Database\\Connectors\\{closure}()
#5 E:\\DATA\\KEMENKUMHAM\\YANKUM APPS\\MASTER\\20220923 e-garkum-sasambo.com\\vendor\\laravel\\framework\\src\\Illuminate\\Database\\Connection.php(1064): call_user_func(Object(Closure))
#6 E:\\DATA\\KEMENKUMHAM\\YANKUM APPS\\MASTER\\20220923 e-garkum-sasambo.com\\vendor\\laravel\\framework\\src\\Illuminate\\Database\\Connection.php(1100): Illuminate\\Database\\Connection->getPdo()
#7 E:\\DATA\\KEMENKUMHAM\\YANKUM APPS\\MASTER\\20220923 e-garkum-sasambo.com\\vendor\\laravel\\framework\\src\\Illuminate\\Database\\Connection.php(442): Illuminate\\Database\\Connection->getReadPdo()
#8 E:\\DATA\\KEMENKUMHAM\\YANKUM APPS\\MASTER\\20220923 e-garkum-sasambo.com\\vendor\\laravel\\framework\\src\\Illuminate\\Database\\Connection.php(368): Illuminate\\Database\\Connection->getPdoForSelect(true)
#9 E:\\DATA\\KEMENKUMHAM\\YANKUM APPS\\MASTER\\20220923 e-garkum-sasambo.com\\vendor\\laravel\\framework\\src\\Illuminate\\Database\\Connection.php(705): Illuminate\\Database\\Connection->Illuminate\\Database\\{closure}('select * from `...', Array)
#10 E:\\DATA\\KEMENKUMHAM\\YANKUM APPS\\MASTER\\20220923 e-garkum-sasambo.com\\vendor\\laravel\\framework\\src\\Illuminate\\Database\\Connection.php(672): Illuminate\\Database\\Connection->runQueryCallback('select * from `...', Array, Object(Closure))
#11 E:\\DATA\\KEMENKUMHAM\\YANKUM APPS\\MASTER\\20220923 e-garkum-sasambo.com\\vendor\\laravel\\framework\\src\\Illuminate\\Database\\Connection.php(376): Illuminate\\Database\\Connection->run('select * from `...', Array, Object(Closure))
#12 E:\\DATA\\KEMENKUMHAM\\YANKUM APPS\\MASTER\\20220923 e-garkum-sasambo.com\\vendor\\laravel\\framework\\src\\Illuminate\\Database\\Query\\Builder.php(2414): Illuminate\\Database\\Connection->select('select * from `...', Array, true)
#13 E:\\DATA\\KEMENKUMHAM\\YANKUM APPS\\MASTER\\20220923 e-garkum-sasambo.com\\vendor\\laravel\\framework\\src\\Illuminate\\Database\\Query\\Builder.php(2402): Illuminate\\Database\\Query\\Builder->runSelect()
#14 E:\\DATA\\KEMENKUMHAM\\YANKUM APPS\\MASTER\\20220923 e-garkum-sasambo.com\\vendor\\laravel\\framework\\src\\Illuminate\\Database\\Query\\Builder.php(2936): Illuminate\\Database\\Query\\Builder->Illuminate\\Database\\Query\\{closure}()
#15 E:\\DATA\\KEMENKUMHAM\\YANKUM APPS\\MASTER\\20220923 e-garkum-sasambo.com\\vendor\\laravel\\framework\\src\\Illuminate\\Database\\Query\\Builder.php(2403): Illuminate\\Database\\Query\\Builder->onceWithColumns(Array, Object(Closure))
#16 E:\\DATA\\KEMENKUMHAM\\YANKUM APPS\\MASTER\\20220923 e-garkum-sasambo.com\\vendor\\laravel\\framework\\src\\Illuminate\\Database\\Eloquent\\Builder.php(625): Illuminate\\Database\\Query\\Builder->get(Array)
#17 E:\\DATA\\KEMENKUMHAM\\YANKUM APPS\\MASTER\\20220923 e-garkum-sasambo.com\\vendor\\laravel\\framework\\src\\Illuminate\\Database\\Eloquent\\Builder.php(609): Illuminate\\Database\\Eloquent\\Builder->getModels(Array)
#18 E:\\DATA\\KEMENKUMHAM\\YANKUM APPS\\MASTER\\20220923 e-garkum-sasambo.com\\vendor\\laravel\\framework\\src\\Illuminate\\Support\\Traits\\ForwardsCalls.php(23): Illuminate\\Database\\Eloquent\\Builder->get()
#19 E:\\DATA\\KEMENKUMHAM\\YANKUM APPS\\MASTER\\20220923 e-garkum-sasambo.com\\vendor\\laravel\\framework\\src\\Illuminate\\Database\\Eloquent\\Model.php(2132): Illuminate\\Database\\Eloquent\\Model->forwardCallTo(Object(Illuminate\\Database\\Eloquent\\Builder), 'get', Array)
#20 E:\\DATA\\KEMENKUMHAM\\YANKUM APPS\\MASTER\\20220923 e-garkum-sasambo.com\\vendor\\laravel\\framework\\src\\Illuminate\\Database\\Eloquent\\Model.php(2144): Illuminate\\Database\\Eloquent\\Model->__call('get', Array)
#21 E:\\DATA\\KEMENKUMHAM\\YANKUM APPS\\MASTER\\20220923 e-garkum-sasambo.com\\app\\Http\\Controllers\\HomeController.php(51): Illuminate\\Database\\Eloquent\\Model::__callStatic('get', Array)
#22 E:\\DATA\\KEMENKUMHAM\\YANKUM APPS\\MASTER\\20220923 e-garkum-sasambo.com\\vendor\\laravel\\framework\\src\\Illuminate\\Routing\\Controller.php(54): App\\Http\\Controllers\\HomeController::index()
#23 E:\\DATA\\KEMENKUMHAM\\YANKUM APPS\\MASTER\\20220923 e-garkum-sasambo.com\\vendor\\laravel\\framework\\src\\Illuminate\\Routing\\ControllerDispatcher.php(45): Illuminate\\Routing\\Controller->callAction('index', Array)
#24 E:\\DATA\\KEMENKUMHAM\\YANKUM APPS\\MASTER\\20220923 e-garkum-sasambo.com\\vendor\\laravel\\framework\\src\\Illuminate\\Routing\\Route.php(262): Illuminate\\Routing\\ControllerDispatcher->dispatch(Object(Illuminate\\Routing\\Route), Object(App\\Http\\Controllers\\HomeController), 'index')
#25 E:\\DATA\\KEMENKUMHAM\\YANKUM APPS\\MASTER\\20220923 e-garkum-sasambo.com\\vendor\\laravel\\framework\\src\\Illuminate\\Routing\\Route.php(205): Illuminate\\Routing\\Route->runController()
#26 E:\\DATA\\KEMENKUMHAM\\YANKUM APPS\\MASTER\\20220923 e-garkum-sasambo.com\\vendor\\laravel\\framework\\src\\Illuminate\\Routing\\Router.php(721): Illuminate\\Routing\\Route->run()
#27 E:\\DATA\\KEMENKUMHAM\\YANKUM APPS\\MASTER\\20220923 e-garkum-sasambo.com\\vendor\\laravel\\framework\\src\\Illuminate\\Pipeline\\Pipeline.php(128): Illuminate\\Routing\\Router->Illuminate\\Routing\\{closure}(Object(Illuminate\\Http\\Request))
#28 E:\\DATA\\KEMENKUMHAM\\YANKUM APPS\\MASTER\\20220923 e-garkum-sasambo.com\\vendor\\laravel\\framework\\src\\Illuminate\\Routing\\Middleware\\SubstituteBindings.php(50): Illuminate\\Pipeline\\Pipeline->Illuminate\\Pipeline\\{closure}(Object(Illuminate\\Http\\Request))
#29 E:\\DATA\\KEMENKUMHAM\\YANKUM APPS\\MASTER\\20220923 e-garkum-sasambo.com\\vendor\\laravel\\framework\\src\\Illuminate\\Pipeline\\Pipeline.php(167): Illuminate\\Routing\\Middleware\\SubstituteBindings->handle(Object(Illuminate\\Http\\Request), Object(Closure))
#30 E:\\DATA\\KEMENKUMHAM\\YANKUM APPS\\MASTER\\20220923 e-garkum-sasambo.com\\vendor\\laravel\\framework\\src\\Illuminate\\Foundation\\Http\\Middleware\\VerifyCsrfToken.php(78): Illuminate\\Pipeline\\Pipeline->Illuminate\\Pipeline\\{closure}(Object(Illuminate\\Http\\Request))
#31 E:\\DATA\\KEMENKUMHAM\\YANKUM APPS\\MASTER\\20220923 e-garkum-sasambo.com\\vendor\\laravel\\framework\\src\\Illuminate\\Pipeline\\Pipeline.php(167): Illuminate\\Foundation\\Http\\Middleware\\VerifyCsrfToken->handle(Object(Illuminate\\Http\\Request), Object(Closure))
#32 E:\\DATA\\KEMENKUMHAM\\YANKUM APPS\\MASTER\\20220923 e-garkum-sasambo.com\\vendor\\laravel\\framework\\src\\Illuminate\\View\\Middleware\\ShareErrorsFromSession.php(49): Illuminate\\Pipeline\\Pipeline->Illuminate\\Pipeline\\{closure}(Object(Illuminate\\Http\\Request))
#33 E:\\DATA\\KEMENKUMHAM\\YANKUM APPS\\MASTER\\20220923 e-garkum-sasambo.com\\vendor\\laravel\\framework\\src\\Illuminate\\Pipeline\\Pipeline.php(167): Illuminate\\View\\Middleware\\ShareErrorsFromSession->handle(Object(Illuminate\\Http\\Request), Object(Closure))
#34 E:\\DATA\\KEMENKUMHAM\\YANKUM APPS\\MASTER\\20220923 e-garkum-sasambo.com\\vendor\\laravel\\framework\\src\\Illuminate\\Session\\Middleware\\StartSession.php(121): Illuminate\\Pipeline\\Pipeline->Illuminate\\Pipeline\\{closure}(Object(Illuminate\\Http\\Request))
#35 E:\\DATA\\KEMENKUMHAM\\YANKUM APPS\\MASTER\\20220923 e-garkum-sasambo.com\\vendor\\laravel\\framework\\src\\Illuminate\\Session\\Middleware\\StartSession.php(64): Illuminate\\Session\\Middleware\\StartSession->handleStatefulRequest(Object(Illuminate\\Http\\Request), Object(Illuminate\\Session\\Store), Object(Closure))
#36 E:\\DATA\\KEMENKUMHAM\\YANKUM APPS\\MASTER\\20220923 e-garkum-sasambo.com\\vendor\\laravel\\framework\\src\\Illuminate\\Pipeline\\Pipeline.php(167): Illuminate\\Session\\Middleware\\StartSession->handle(Object(Illuminate\\Http\\Request), Object(Closure))
#37 E:\\DATA\\KEMENKUMHAM\\YANKUM APPS\\MASTER\\20220923 e-garkum-sasambo.com\\vendor\\laravel\\framework\\src\\Illuminate\\Cookie\\Middleware\\AddQueuedCookiesToResponse.php(37): Illuminate\\Pipeline\\Pipeline->Illuminate\\Pipeline\\{closure}(Object(Illuminate\\Http\\Request))
#38 E:\\DATA\\KEMENKUMHAM\\YANKUM APPS\\MASTER\\20220923 e-garkum-sasambo.com\\vendor\\laravel\\framework\\src\\Illuminate\\Pipeline\\Pipeline.php(167): Illuminate\\Cookie\\Middleware\\AddQueuedCookiesToResponse->handle(Object(Illuminate\\Http\\Request), Object(Closure))
#39 E:\\DATA\\KEMENKUMHAM\\YANKUM APPS\\MASTER\\20220923 e-garkum-sasambo.com\\vendor\\laravel\\framework\\src\\Illuminate\\Cookie\\Middleware\\EncryptCookies.php(67): Illuminate\\Pipeline\\Pipeline->Illuminate\\Pipeline\\{closure}(Object(Illuminate\\Http\\Request))
#40 E:\\DATA\\KEMENKUMHAM\\YANKUM APPS\\MASTER\\20220923 e-garkum-sasambo.com\\vendor\\laravel\\framework\\src\\Illuminate\\Pipeline\\Pipeline.php(167): Illuminate\\Cookie\\Middleware\\EncryptCookies->handle(Object(Illuminate\\Http\\Request), Object(Closure))
#41 E:\\DATA\\KEMENKUMHAM\\YANKUM APPS\\MASTER\\20220923 e-garkum-sasambo.com\\vendor\\laravel\\framework\\src\\Illuminate\\Pipeline\\Pipeline.php(103): Illuminate\\Pipeline\\Pipeline->Illuminate\\Pipeline\\{closure}(Object(Illuminate\\Http\\Request))
#42 E:\\DATA\\KEMENKUMHAM\\YANKUM APPS\\MASTER\\20220923 e-garkum-sasambo.com\\vendor\\laravel\\framework\\src\\Illuminate\\Routing\\Router.php(723): Illuminate\\Pipeline\\Pipeline->then(Object(Closure))
#43 E:\\DATA\\KEMENKUMHAM\\YANKUM APPS\\MASTER\\20220923 e-garkum-sasambo.com\\vendor\\laravel\\framework\\src\\Illuminate\\Routing\\Router.php(698): Illuminate\\Routing\\Router->runRouteWithinStack(Object(Illuminate\\Routing\\Route), Object(Illuminate\\Http\\Request))
#44 E:\\DATA\\KEMENKUMHAM\\YANKUM APPS\\MASTER\\20220923 e-garkum-sasambo.com\\vendor\\laravel\\framework\\src\\Illuminate\\Routing\\Router.php(662): Illuminate\\Routing\\Router->runRoute(Object(Illuminate\\Http\\Request), Object(Illuminate\\Routing\\Route))
#45 E:\\DATA\\KEMENKUMHAM\\YANKUM APPS\\MASTER\\20220923 e-garkum-sasambo.com\\vendor\\laravel\\framework\\src\\Illuminate\\Routing\\Router.php(651): Illuminate\\Routing\\Router->dispatchToRoute(Object(Illuminate\\Http\\Request))
#46 E:\\DATA\\KEMENKUMHAM\\YANKUM APPS\\MASTER\\20220923 e-garkum-sasambo.com\\vendor\\laravel\\framework\\src\\Illuminate\\Foundation\\Http\\Kernel.php(167): Illuminate\\Routing\\Router->dispatch(Object(Illuminate\\Http\\Request))
#47 E:\\DATA\\KEMENKUMHAM\\YANKUM APPS\\MASTER\\20220923 e-garkum-sasambo.com\\vendor\\laravel\\framework\\src\\Illuminate\\Pipeline\\Pipeline.php(128): Illuminate\\Foundation\\Http\\Kernel->Illuminate\\Foundation\\Http\\{closure}(Object(Illuminate\\Http\\Request))
#48 E:\\DATA\\KEMENKUMHAM\\YANKUM APPS\\MASTER\\20220923 e-garkum-sasambo.com\\vendor\\laravel\\framework\\src\\Illuminate\\Foundation\\Http\\Middleware\\TransformsRequest.php(21): Illuminate\\Pipeline\\Pipeline->Illuminate\\Pipeline\\{closure}(Object(Illuminate\\Http\\Request))
#49 E:\\DATA\\KEMENKUMHAM\\YANKUM APPS\\MASTER\\20220923 e-garkum-sasambo.com\\vendor\\laravel\\framework\\src\\Illuminate\\Foundation\\Http\\Middleware\\ConvertEmptyStringsToNull.php(31): Illuminate\\Foundation\\Http\\Middleware\\TransformsRequest->handle(Object(Illuminate\\Http\\Request), Object(Closure))
#50 E:\\DATA\\KEMENKUMHAM\\YANKUM APPS\\MASTER\\20220923 e-garkum-sasambo.com\\vendor\\laravel\\framework\\src\\Illuminate\\Pipeline\\Pipeline.php(167): Illuminate\\Foundation\\Http\\Middleware\\ConvertEmptyStringsToNull->handle(Object(Illuminate\\Http\\Request), Object(Closure))
#51 E:\\DATA\\KEMENKUMHAM\\YANKUM APPS\\MASTER\\20220923 e-garkum-sasambo.com\\vendor\\laravel\\framework\\src\\Illuminate\\Foundation\\Http\\Middleware\\TransformsRequest.php(21): Illuminate\\Pipeline\\Pipeline->Illuminate\\Pipeline\\{closure}(Object(Illuminate\\Http\\Request))
#52 E:\\DATA\\KEMENKUMHAM\\YANKUM APPS\\MASTER\\20220923 e-garkum-sasambo.com\\vendor\\laravel\\framework\\src\\Illuminate\\Foundation\\Http\\Middleware\\TrimStrings.php(40): Illuminate\\Foundation\\Http\\Middleware\\TransformsRequest->handle(Object(Illuminate\\Http\\Request), Object(Closure))
#53 E:\\DATA\\KEMENKUMHAM\\YANKUM APPS\\MASTER\\20220923 e-garkum-sasambo.com\\vendor\\laravel\\framework\\src\\Illuminate\\Pipeline\\Pipeline.php(167): Illuminate\\Foundation\\Http\\Middleware\\TrimStrings->handle(Object(Illuminate\\Http\\Request), Object(Closure))
#54 E:\\DATA\\KEMENKUMHAM\\YANKUM APPS\\MASTER\\20220923 e-garkum-sasambo.com\\vendor\\laravel\\framework\\src\\Illuminate\\Foundation\\Http\\Middleware\\ValidatePostSize.php(27): Illuminate\\Pipeline\\Pipeline->Illuminate\\Pipeline\\{closure}(Object(Illuminate\\Http\\Request))
#55 E:\\DATA\\KEMENKUMHAM\\YANKUM APPS\\MASTER\\20220923 e-garkum-sasambo.com\\vendor\\laravel\\framework\\src\\Illuminate\\Pipeline\\Pipeline.php(167): Illuminate\\Foundation\\Http\\Middleware\\ValidatePostSize->handle(Object(Illuminate\\Http\\Request), Object(Closure))
#56 E:\\DATA\\KEMENKUMHAM\\YANKUM APPS\\MASTER\\20220923 e-garkum-sasambo.com\\vendor\\laravel\\framework\\src\\Illuminate\\Foundation\\Http\\Middleware\\PreventRequestsDuringMaintenance.php(86): Illuminate\\Pipeline\\Pipeline->Illuminate\\Pipeline\\{closure}(Object(Illuminate\\Http\\Request))
#57 E:\\DATA\\KEMENKUMHAM\\YANKUM APPS\\MASTER\\20220923 e-garkum-sasambo.com\\vendor\\laravel\\framework\\src\\Illuminate\\Pipeline\\Pipeline.php(167): Illuminate\\Foundation\\Http\\Middleware\\PreventRequestsDuringMaintenance->handle(Object(Illuminate\\Http\\Request), Object(Closure))
#58 E:\\DATA\\KEMENKUMHAM\\YANKUM APPS\\MASTER\\20220923 e-garkum-sasambo.com\\vendor\\fruitcake\\laravel-cors\\src\\HandleCors.php(38): Illuminate\\Pipeline\\Pipeline->Illuminate\\Pipeline\\{closure}(Object(Illuminate\\Http\\Request))
#59 E:\\DATA\\KEMENKUMHAM\\YANKUM APPS\\MASTER\\20220923 e-garkum-sasambo.com\\vendor\\laravel\\framework\\src\\Illuminate\\Pipeline\\Pipeline.php(167): Fruitcake\\Cors\\HandleCors->handle(Object(Illuminate\\Http\\Request), Object(Closure))
#60 E:\\DATA\\KEMENKUMHAM\\YANKUM APPS\\MASTER\\20220923 e-garkum-sasambo.com\\vendor\\laravel\\framework\\src\\Illuminate\\Http\\Middleware\\TrustProxies.php(39): Illuminate\\Pipeline\\Pipeline->Illuminate\\Pipeline\\{closure}(Object(Illuminate\\Http\\Request))
#61 E:\\DATA\\KEMENKUMHAM\\YANKUM APPS\\MASTER\\20220923 e-garkum-sasambo.com\\vendor\\laravel\\framework\\src\\Illuminate\\Pipeline\\Pipeline.php(167): Illuminate\\Http\\Middleware\\TrustProxies->handle(Object(Illuminate\\Http\\Request), Object(Closure))
#62 E:\\DATA\\KEMENKUMHAM\\YANKUM APPS\\MASTER\\20220923 e-garkum-sasambo.com\\vendor\\laravel\\framework\\src\\Illuminate\\Pipeline\\Pipeline.php(103): Illuminate\\Pipeline\\Pipeline->Illuminate\\Pipeline\\{closure}(Object(Illuminate\\Http\\Request))
#63 E:\\DATA\\KEMENKUMHAM\\YANKUM APPS\\MASTER\\20220923 e-garkum-sasambo.com\\vendor\\laravel\\framework\\src\\Illuminate\\Foundation\\Http\\Kernel.php(142): Illuminate\\Pipeline\\Pipeline->then(Object(Closure))
#64 E:\\DATA\\KEMENKUMHAM\\YANKUM APPS\\MASTER\\20220923 e-garkum-sasambo.com\\vendor\\laravel\\framework\\src\\Illuminate\\Foundation\\Http\\Kernel.php(111): Illuminate\\Foundation\\Http\\Kernel->sendRequestThroughRouter(Object(Illuminate\\Http\\Request))
#65 E:\\DATA\\KEMENKUMHAM\\YANKUM APPS\\MASTER\\20220923 e-garkum-sasambo.com\\public\\index.php(52): Illuminate\\Foundation\\Http\\Kernel->handle(Object(Illuminate\\Http\\Request))
#66 E:\\DATA\\KEMENKUMHAM\\YANKUM APPS\\MASTER\\20220923 e-garkum-sasambo.com\\server.php(21): require_once('E:\\\\DATA\\\\KEMENKU...')
#67 {main}
"} 
